[12:42:45] [main/INFO] (FabricLoader/GameProvider) Loading Minecraft 1.21.6 with Fabric Loader 0.18.4
[12:42:45] [main/INFO] (FabricLoader) Loading 49 mods:
	- fabric-api 0.128.2+1.21.6
	- fabric-api-base 0.4.64+9ec45cd896
	- fabric-api-lookup-api-v1 1.6.100+946bf4c396
	- fabric-biome-api-v1 16.0.11+946bf4c396
	- fabric-block-api-v1 1.1.3+946bf4c396
	- fabric-block-view-api-v2 1.0.31+946bf4c396
	- fabric-client-gametest-api-v1 4.2.5+98137fcb96
	- fabric-command-api-v2 2.2.53+946bf4c396
	- fabric-content-registries-v0 10.0.18+946bf4c396
	- fabric-convention-tags-v1 2.1.38+7f945d5b96
	- fabric-convention-tags-v2 2.15.3+946bf4c396
	- fabric-crash-report-info-v1 0.3.15+946bf4c396
	- fabric-data-attachment-api-v1 1.8.10+946bf4c396
	- fabric-data-generation-api-v1 23.2.3+c265f73696
	- fabric-dimensions-v1 4.0.19+946bf4c396
	- fabric-entity-events-v1 2.1.1+c9e4727396
	- fabric-events-interaction-v0 4.0.23+946bf4c396
	- fabric-game-rule-api-v1 1.0.73+12a186f696
	- fabric-gametest-api-v1 3.1.9+39ce47f596
	- fabric-item-api-v1 11.4.3+946bf4c396
	- fabric-item-group-api-v1 4.2.13+946bf4c396
	- fabric-key-binding-api-v1 1.0.65+946bf4c396
	- fabric-lifecycle-events-v1 2.6.3+db4dfd8596
	- fabric-loot-api-v2 3.0.55+3f89f5a596
	- fabric-loot-api-v3 2.0.2+946bf4c396
	- fabric-message-api-v1 6.1.1+946bf4c396
	- fabric-model-loading-api-v1 5.2.5+946bf4c396
	- fabric-networking-api-v1 5.0.1+946bf4c396
	- fabric-object-builder-api-v1 21.1.7+946bf4c396
	- fabric-particles-v1 4.1.7+946bf4c396
	- fabric-recipe-api-v1 8.1.14+946bf4c396
	- fabric-registry-sync-v0 6.1.27+946bf4c396
	- fabric-renderer-api-v1 7.0.2+946bf4c396
	- fabric-renderer-indigo 4.0.2+946bf4c396
	- fabric-rendering-fluids-v1 3.1.30+fa6cb72b96
	- fabric-rendering-v1 12.4.0+e8d43c7696
	- fabric-resource-conditions-api-v1 5.0.24+946bf4c396
	- fabric-resource-loader-v0 3.1.11+946bf4c396
	- fabric-screen-api-v1 2.0.51+946bf4c396
	- fabric-screen-handler-api-v1 1.3.136+946bf4c396
	- fabric-sound-api-v1 1.0.42+946bf4c396
	- fabric-tag-api-v1 1.2.1+946bf4c396
	- fabric-transfer-api-v1 6.0.5+946bf4c396
	- fabric-transitive-access-wideners-v1 6.4.1+ac3e15d196
	- fabricloader 0.18.4
	- java 21
	- minecraft 1.21.6
	- mixinextras 0.5.0
	- skyqol 1.0.0
[12:42:46] [main/INFO] (FabricLoader/Mixin) SpongePowered MIXIN Subsystem Version=0.8.7 Source=file:/C:/Users/Noobi/.gradle/caches/modules-2/files-2.1/net.fabricmc/sponge-mixin/0.17.0+mixin.0.8.7/cf31463202f72d03b0ef1e1e38e8ee71b7faaab6/sponge-mixin-0.17.0+mixin.0.8.7.jar Service=Knot/Fabric Env=CLIENT
[12:42:46] [main/INFO] (FabricLoader/Mixin) Loaded Fabric development mappings for mixin remapper!
[12:42:46] [main/INFO] (FabricLoader/Mixin) Compatibility level set to JAVA_21
[12:42:48] [main/INFO] (FabricLoader/MixinExtras|Service) Initializing MixinExtras via com.llamalad7.mixinextras.service.MixinExtrasServiceImpl(version=0.5.0).
[12:42:50] [Datafixer Bootstrap/INFO] (Minecraft) 269 Datafixer optimizations took 927 milliseconds
[12:43:00] [Render thread/INFO] (Minecraft) Environment: Environment[sessionHost=https://sessionserver.mojang.com, servicesHost=https://api.minecraftservices.com, name=PROD]
[12:43:00] [Render thread/INFO] (Minecraft) Setting user: Player863
[12:43:01] [Render thread/INFO] (Indigo) [Indigo] Registering Indigo renderer!
[12:43:01] [Render thread/INFO] (Minecraft) Backend library: LWJGL version 3.3.3-snapshot
[12:43:02] [Render thread/INFO] (Minecraft) Using optional rendering extensions: GL_ARB_buffer_storage, GL_KHR_debug, GL_ARB_vertex_attrib_binding, GL_ARB_direct_state_access
[12:43:03] [Render thread/INFO] (Minecraft) Reloading ResourceManager: vanilla, fabric, fabric-api, fabric-api-base, fabric-api-lookup-api-v1, fabric-biome-api-v1, fabric-block-api-v1, fabric-block-view-api-v2, fabric-client-gametest-api-v1, fabric-command-api-v2, fabric-content-registries-v0, fabric-convention-tags-v1, fabric-convention-tags-v2, fabric-crash-report-info-v1, fabric-data-attachment-api-v1, fabric-data-generation-api-v1, fabric-dimensions-v1, fabric-entity-events-v1, fabric-events-interaction-v0, fabric-game-rule-api-v1, fabric-gametest-api-v1, fabric-item-api-v1, fabric-item-group-api-v1, fabric-key-binding-api-v1, fabric-lifecycle-events-v1, fabric-loot-api-v2, fabric-loot-api-v3, fabric-message-api-v1, fabric-model-loading-api-v1, fabric-networking-api-v1, fabric-object-builder-api-v1, fabric-particles-v1, fabric-recipe-api-v1, fabric-registry-sync-v0, fabric-renderer-api-v1, fabric-renderer-indigo, fabric-rendering-fluids-v1, fabric-rendering-v1, fabric-resource-conditions-api-v1, fabric-resource-loader-v0, fabric-screen-api-v1, fabric-screen-handler-api-v1, fabric-sound-api-v1, fabric-tag-api-v1, fabric-transfer-api-v1, fabric-transitive-access-wideners-v1, fabricloader
[12:43:04] [Worker-Main-9/INFO] (Minecraft) Found unifont_all_no_pua-16.0.03.hex, loading
[12:43:04] [Worker-Main-10/INFO] (Minecraft) Found unifont_pua-16.0.03.hex, loading
[12:43:04] [Worker-Main-5/INFO] (Minecraft) Found unifont_jp_patch-16.0.03.hex, loading
[12:43:07] [Render thread/INFO] (Minecraft) OpenAL initialized on device OpenAL Soft on Headphones (boAt Rockerz 518)
[12:43:07] [Render thread/INFO] (Minecraft) Sound engine started
[12:43:07] [Render thread/INFO] (Minecraft) Created: 1024x512x4 minecraft:textures/atlas/blocks.png-atlas
[12:43:10] [Render thread/INFO] (Minecraft) Created: 256x256x4 minecraft:textures/atlas/signs.png-atlas
[12:43:10] [Render thread/INFO] (Minecraft) Created: 512x512x4 minecraft:textures/atlas/shield_patterns.png-atlas
[12:43:10] [Render thread/INFO] (Minecraft) Created: 512x512x4 minecraft:textures/atlas/banner_patterns.png-atlas
[12:43:11] [Render thread/INFO] (Minecraft) Created: 2048x1024x4 minecraft:textures/atlas/armor_trims.png-atlas
[12:43:13] [Render thread/INFO] (Minecraft) Created: 128x64x4 minecraft:textures/atlas/decorated_pot.png-atlas
[12:43:13] [Render thread/INFO] (Minecraft) Created: 256x256x4 minecraft:textures/atlas/chest.png-atlas
[12:43:13] [Render thread/INFO] (Minecraft) Created: 512x256x4 minecraft:textures/atlas/shulker_boxes.png-atlas
[12:43:13] [Render thread/INFO] (Minecraft) Created: 512x256x4 minecraft:textures/atlas/beds.png-atlas
[12:43:13] [Render thread/INFO] (Minecraft) Created: 64x64x0 minecraft:textures/atlas/map_decorations.png-atlas
[12:43:13] [Render thread/INFO] (Minecraft) Created: 512x256x0 minecraft:textures/atlas/particles.png-atlas
[12:43:13] [Render thread/INFO] (Minecraft) Created: 512x256x0 minecraft:textures/atlas/paintings.png-atlas
[12:43:13] [Render thread/INFO] (Minecraft) Created: 1024x512x0 minecraft:textures/atlas/gui.png-atlas
[12:43:19] [Render thread/INFO] (Minecraft) Loaded 1407 recipes
[12:43:19] [Render thread/INFO] (Minecraft) Loaded 1520 advancements
[12:43:19] [Render thread/INFO] (BiomeModificationImpl) Applied 0 biome modifications to 0 of 65 new biomes in 2.234 ms
[12:43:19] [Server thread/INFO] (Minecraft) Starting integrated minecraft server version 1.21.6
[12:43:19] [Server thread/INFO] (Minecraft) Generating keypair
[12:43:20] [Server thread/INFO] (Minecraft) Preparing start region for dimension minecraft:overworld
[12:43:21] [Render thread/INFO] (Minecraft) Preparing spawn area: 0%
[12:43:21] [Render thread/INFO] (Minecraft) Preparing spawn area: 0%
[12:43:21] [Render thread/INFO] (Minecraft) Preparing spawn area: 0%
[12:43:21] [Render thread/INFO] (Minecraft) Preparing spawn area: 0%
[12:43:22] [Render thread/INFO] (Minecraft) Time elapsed: 1778 ms
[12:43:22] [Server thread/INFO] (Minecraft) Changing view distance to 12, from 10
[12:43:22] [Server thread/INFO] (Minecraft) Changing simulation distance to 12, from 0
[12:43:24] [Server thread/INFO] (Minecraft) Player863[local:E:155e010c] logged in with entity id 81 at (2.953589449325416, 107.0, -33.441350798843764)
[12:43:24] [Server thread/INFO] (Minecraft) Player863 joined the game
[12:43:24] [Render thread/INFO] (Minecraft) Loaded 2 advancements
[12:43:24] [Render thread/INFO] (Minecraft) Resizing Dynamic Transforms UBO, capacity limit of 2 reached during a single frame. New capacity will be 4.
[12:43:24] [Render thread/INFO] (Minecraft) Resizing Dynamic Transforms UBO, capacity limit of 4 reached during a single frame. New capacity will be 8.
[12:43:25] [Render thread/INFO] (Minecraft) Resizing Dynamic Transforms UBO, capacity limit of 8 reached during a single frame. New capacity will be 16.
[12:43:25] [Render thread/INFO] (Minecraft) Resizing Dynamic Transforms UBO, capacity limit of 16 reached during a single frame. New capacity will be 32.
[12:43:25] [Render thread/INFO] (Minecraft) Resizing Dynamic Transforms UBO, capacity limit of 32 reached during a single frame. New capacity will be 64.
[12:43:25] [Render thread/INFO] (Minecraft) Resizing Dynamic Transforms UBO, capacity limit of 64 reached during a single frame. New capacity will be 128.
[12:43:25] [Render thread/INFO] (Minecraft) Resizing Dynamic Transforms UBO, capacity limit of 128 reached during a single frame. New capacity will be 256.
[12:43:26] [Render thread/INFO] (Minecraft) Resizing Dynamic Transforms UBO, capacity limit of 256 reached during a single frame. New capacity will be 512.
[12:43:28] [Render thread/INFO] (Minecraft) Resizing Dynamic Transforms UBO, capacity limit of 512 reached during a single frame. New capacity will be 1024.
[12:43:29] [Server thread/INFO] (Minecraft) Saving and pausing game...
[12:43:29] [Server thread/INFO] (Minecraft) Saving chunks for level 'ServerLevel[New World]'/minecraft:overworld
[12:43:29] [Server thread/INFO] (Minecraft) Saving chunks for level 'ServerLevel[New World]'/minecraft:the_nether
[12:43:29] [Server thread/INFO] (Minecraft) Saving chunks for level 'ServerLevel[New World]'/minecraft:the_end
[12:43:34] [Render thread/INFO] (Minecraft) Resizing Dynamic Transforms UBO, capacity limit of 1024 reached during a single frame. New capacity will be 2048.
[12:43:35] [Server thread/INFO] (Minecraft) Saving and pausing game...
[12:43:35] [Server thread/INFO] (Minecraft) Saving chunks for level 'ServerLevel[New World]'/minecraft:overworld
[12:43:35] [Server thread/INFO] (Minecraft) Saving chunks for level 'ServerLevel[New World]'/minecraft:the_nether
[12:43:35] [Server thread/INFO] (Minecraft) Saving chunks for level 'ServerLevel[New World]'/minecraft:the_end
[12:43:36] [Server thread/INFO] (Minecraft) Saving and pausing game...
[12:43:36] [Server thread/INFO] (Minecraft) Saving chunks for level 'ServerLevel[New World]'/minecraft:overworld
[12:43:36] [Server thread/INFO] (Minecraft) Saving chunks for level 'ServerLevel[New World]'/minecraft:the_nether
[12:43:36] [Server thread/INFO] (Minecraft) Saving chunks for level 'ServerLevel[New World]'/minecraft:the_end
[12:43:36] [Render thread/INFO] (Minecraft) Stopping!
[12:43:37] [Server thread/INFO] (Minecraft) Player863 lost connection: Disconnected
[12:43:37] [Server thread/INFO] (Minecraft) Player863 left the game
[12:43:37] [Server thread/INFO] (Minecraft) Stopping singleplayer server as player logged out
[12:43:37] [Server thread/INFO] (Minecraft) Stopping server
[12:43:37] [Server thread/INFO] (Minecraft) Saving players
[12:43:37] [Server thread/INFO] (Minecraft) Saving worlds
[12:43:37] [Server thread/INFO] (Minecraft) Saving chunks for level 'ServerLevel[New World]'/minecraft:overworld
[12:43:37] [Server thread/INFO] (Minecraft) Saving chunks for level 'ServerLevel[New World]'/minecraft:the_nether
[12:43:37] [Server thread/INFO] (Minecraft) Saving chunks for level 'ServerLevel[New World]'/minecraft:the_end
[12:43:37] [Server thread/INFO] (Minecraft) ThreadedAnvilChunkStorage (New World): All chunks are saved
[12:43:37] [Server thread/INFO] (Minecraft) ThreadedAnvilChunkStorage (DIM-1): All chunks are saved
[12:43:37] [Server thread/INFO] (Minecraft) ThreadedAnvilChunkStorage (DIM1): All chunks are saved
[12:43:37] [Server thread/INFO] (Minecraft) ThreadedAnvilChunkStorage: All dimensions are saved
